[0.026s] Invoking command in '/home/xiaojiahui/Documents/code/moga_deploy_1101/build/yesense_std_ros2': CMAKE_PREFIX_PATH=/home/xiaojiahui/Documents/code/moga_deploy_1101/install/yesense_interface:/home/xiaojiahui/Documents/code/moga_deploy_1101/install/yesense_std_ros2:/home/xiaojiahui/Documents/code/moga_deploy_1101/install/rl_controllers:/home/xiaojiahui/Documents/code/moga_deploy_1101/install/legged_system:/home/xiaojiahui/Documents/code/moga_deploy_1101/install/legged_moga_description:/home/xiaojiahui/Documents/code/moga_deploy_1101/install/hardware_sim_bridge_test:/home/xiaojiahui/Documents/code/moga_deploy_1101/install/custom_controller_msgs:/home/xiaojiahui/Downloads/legged_moga_deploy_1025/install/yesense_std_ros2:/home/xiaojiahui/Downloads/legged_moga_deploy_1025/install/yesense_interface:/home/xiaojiahui/Downloads/legged_moga_deploy_1025/install/rl_controllers:/home/xiaojiahui/Downloads/legged_moga_deploy_1025/install/legged_system:/home/xiaojiahui/Downloads/legged_moga_deploy_1025/install/legged_moga_description:/home/xiaojiahui/Downloads/legged_moga_deploy_1025/install/hardware_sim_bridge_test:/home/xiaojiahui/Downloads/legged_moga_deploy_1025/install/custom_controller_msgs:/opt/ros/humble /usr/bin/cmake /home/xiaojiahui/Documents/code/moga_deploy_1101/src/legged_moga/yesense_std_ros2 -DCMAKE_BUILD_TYPE=Release -DAMENT_CMAKE_SYMLINK_INSTALL=1 -DCMAKE_INSTALL_PREFIX=/home/xiaojiahui/Documents/code/moga_deploy_1101/install/yesense_std_ros2
[0.149s] -- The C compiler identification is GNU 11.4.0
[0.267s] -- The CXX compiler identification is GNU 11.4.0
[0.284s] -- Detecting C compiler ABI info
[0.439s] -- Detecting C compiler ABI info - done
[0.456s] -- Check for working C compiler: /usr/bin/cc - skipped
[0.457s] -- Detecting C compile features
[0.458s] -- Detecting C compile features - done
[0.465s] -- Detecting CXX compiler ABI info
[0.639s] -- Detecting CXX compiler ABI info - done
[0.655s] -- Check for working CXX compiler: /usr/bin/c++ - skipped
[0.655s] -- Detecting CXX compile features
[0.656s] -- Detecting CXX compile features - done
[0.662s] -- Found ament_cmake: 1.3.12 (/opt/ros/humble/share/ament_cmake/cmake)
[1.032s] -- Found Python3: /usr/bin/python3 (found version "3.10.12") found components: Interpreter 
[1.201s] -- Override CMake install command with custom implementation using symlinks instead of copying resources
[1.283s] -- Found rclcpp: 16.0.14 (/opt/ros/humble/share/rclcpp/cmake)
[1.399s] -- Found rosidl_generator_c: 3.1.7 (/opt/ros/humble/share/rosidl_generator_c/cmake)
[1.412s] -- Found rosidl_adapter: 3.1.7 (/opt/ros/humble/share/rosidl_adapter/cmake)
[1.434s] -- Found rosidl_generator_cpp: 3.1.7 (/opt/ros/humble/share/rosidl_generator_cpp/cmake)
[1.466s] -- Using all available rosidl_typesupport_c: rosidl_typesupport_fastrtps_c;rosidl_typesupport_introspection_c
[1.508s] -- Using all available rosidl_typesupport_cpp: rosidl_typesupport_fastrtps_cpp;rosidl_typesupport_introspection_cpp
[1.619s] -- Found rmw_implementation_cmake: 6.1.2 (/opt/ros/humble/share/rmw_implementation_cmake/cmake)
[1.625s] -- Found rmw_cyclonedds_cpp: 1.3.4 (/opt/ros/humble/share/rmw_cyclonedds_cpp/cmake)
[1.678s] -- Using RMW implementation 'rmw_cyclonedds_cpp' as default
[1.696s] -- Looking for pthread.h
[1.849s] -- Looking for pthread.h - found
[1.850s] -- Performing Test CMAKE_HAVE_LIBC_PTHREAD
[2.040s] -- Performing Test CMAKE_HAVE_LIBC_PTHREAD - Success
[2.050s] -- Found Threads: TRUE  
[2.112s] -- Found sensor_msgs: 4.9.0 (/opt/ros/humble/share/sensor_msgs/cmake)
[2.179s] -- Found nav_msgs: 4.9.0 (/opt/ros/humble/share/nav_msgs/cmake)
[2.219s] -- Found visualization_msgs: 4.9.0 (/opt/ros/humble/share/visualization_msgs/cmake)
[2.268s] -- Found rosidl_default_generators: 1.2.0 (/opt/ros/humble/share/rosidl_default_generators/cmake)
[2.291s] -- Found yesense_interface: 1.0.0 (/home/xiaojiahui/Documents/code/moga_deploy_1101/install/yesense_interface/share/yesense_interface/cmake)
[2.339s] -- Found ament_lint_auto: 0.12.14 (/opt/ros/humble/share/ament_lint_auto/cmake)
[2.538s] -- Added test 'copyright' to check source files copyright and LICENSE
[2.541s] -- Added test 'cppcheck' to perform static code analysis on C / C++ code
[2.542s] -- Configured cppcheck include dirs: /home/xiaojiahui/Documents/code/moga_deploy_1101/src/legged_moga/yesense_std_ros2/src/serial/include
[2.542s] -- Configured cppcheck exclude dirs and/or files: 
[2.545s] -- Added test 'cpplint' to check C / C++ code against the Google style
[2.545s] -- Configured cpplint exclude dirs and/or files: 
[2.546s] -- Added test 'flake8' to check Python code syntax and style conventions
[2.548s] -- Added test 'lint_cmake' to check CMake code style
[2.549s] -- Added test 'pep257' to check Python code against some of the docstring style conventions in PEP 257
[2.551s] -- Added test 'uncrustify' to check C / C++ code style
[2.552s] -- Configured uncrustify additional arguments: 
[2.553s] -- Added test 'xmllint' to check XML markup files
[2.556s] -- Configuring done
[2.583s] -- Generating done
[2.593s] -- Build files have been written to: /home/xiaojiahui/Documents/code/moga_deploy_1101/build/yesense_std_ros2
[2.607s] Invoked command in '/home/xiaojiahui/Documents/code/moga_deploy_1101/build/yesense_std_ros2' returned '0': CMAKE_PREFIX_PATH=/home/xiaojiahui/Documents/code/moga_deploy_1101/install/yesense_interface:/home/xiaojiahui/Documents/code/moga_deploy_1101/install/yesense_std_ros2:/home/xiaojiahui/Documents/code/moga_deploy_1101/install/rl_controllers:/home/xiaojiahui/Documents/code/moga_deploy_1101/install/legged_system:/home/xiaojiahui/Documents/code/moga_deploy_1101/install/legged_moga_description:/home/xiaojiahui/Documents/code/moga_deploy_1101/install/hardware_sim_bridge_test:/home/xiaojiahui/Documents/code/moga_deploy_1101/install/custom_controller_msgs:/home/xiaojiahui/Downloads/legged_moga_deploy_1025/install/yesense_std_ros2:/home/xiaojiahui/Downloads/legged_moga_deploy_1025/install/yesense_interface:/home/xiaojiahui/Downloads/legged_moga_deploy_1025/install/rl_controllers:/home/xiaojiahui/Downloads/legged_moga_deploy_1025/install/legged_system:/home/xiaojiahui/Downloads/legged_moga_deploy_1025/install/legged_moga_description:/home/xiaojiahui/Downloads/legged_moga_deploy_1025/install/hardware_sim_bridge_test:/home/xiaojiahui/Downloads/legged_moga_deploy_1025/install/custom_controller_msgs:/opt/ros/humble /usr/bin/cmake /home/xiaojiahui/Documents/code/moga_deploy_1101/src/legged_moga/yesense_std_ros2 -DCMAKE_BUILD_TYPE=Release -DAMENT_CMAKE_SYMLINK_INSTALL=1 -DCMAKE_INSTALL_PREFIX=/home/xiaojiahui/Documents/code/moga_deploy_1101/install/yesense_std_ros2
[2.609s] Invoking command in '/home/xiaojiahui/Documents/code/moga_deploy_1101/build/yesense_std_ros2': CMAKE_PREFIX_PATH=/home/xiaojiahui/Documents/code/moga_deploy_1101/install/yesense_interface:/home/xiaojiahui/Documents/code/moga_deploy_1101/install/yesense_std_ros2:/home/xiaojiahui/Documents/code/moga_deploy_1101/install/rl_controllers:/home/xiaojiahui/Documents/code/moga_deploy_1101/install/legged_system:/home/xiaojiahui/Documents/code/moga_deploy_1101/install/legged_moga_description:/home/xiaojiahui/Documents/code/moga_deploy_1101/install/hardware_sim_bridge_test:/home/xiaojiahui/Documents/code/moga_deploy_1101/install/custom_controller_msgs:/home/xiaojiahui/Downloads/legged_moga_deploy_1025/install/yesense_std_ros2:/home/xiaojiahui/Downloads/legged_moga_deploy_1025/install/yesense_interface:/home/xiaojiahui/Downloads/legged_moga_deploy_1025/install/rl_controllers:/home/xiaojiahui/Downloads/legged_moga_deploy_1025/install/legged_system:/home/xiaojiahui/Downloads/legged_moga_deploy_1025/install/legged_moga_description:/home/xiaojiahui/Downloads/legged_moga_deploy_1025/install/hardware_sim_bridge_test:/home/xiaojiahui/Downloads/legged_moga_deploy_1025/install/custom_controller_msgs:/opt/ros/humble /usr/bin/cmake --build /home/xiaojiahui/Documents/code/moga_deploy_1101/build/yesense_std_ros2 -- -j28 -l28
[2.728s] [ 16%] [32mBuilding CXX object CMakeFiles/yesense_node_publisher.dir/src/yesense_node.cpp.o[0m
[2.730s] [ 66%] [32mBuilding CXX object CMakeFiles/yesense_node_publisher.dir/src/yesense_decoder.cpp.o[0m
[2.730s] [ 66%] [32mBuilding CXX object CMakeFiles/yesense_node_subscriber.dir/src/yesense_node_subscriber_example.cpp.o[0m
[2.730s] [ 66%] [32mBuilding CXX object CMakeFiles/yesense_node_publisher.dir/src/yesense_std_out_decoder.cpp.o[0m
[25.214s] [ 83%] [32m[1mLinking CXX executable yesense_node_publisher[0m
[25.584s] [ 83%] Built target yesense_node_publisher
[33.408s] [100%] [32m[1mLinking CXX executable yesense_node_subscriber[0m
[33.751s] [100%] Built target yesense_node_subscriber
[33.767s] Invoked command in '/home/xiaojiahui/Documents/code/moga_deploy_1101/build/yesense_std_ros2' returned '0': CMAKE_PREFIX_PATH=/home/xiaojiahui/Documents/code/moga_deploy_1101/install/yesense_interface:/home/xiaojiahui/Documents/code/moga_deploy_1101/install/yesense_std_ros2:/home/xiaojiahui/Documents/code/moga_deploy_1101/install/rl_controllers:/home/xiaojiahui/Documents/code/moga_deploy_1101/install/legged_system:/home/xiaojiahui/Documents/code/moga_deploy_1101/install/legged_moga_description:/home/xiaojiahui/Documents/code/moga_deploy_1101/install/hardware_sim_bridge_test:/home/xiaojiahui/Documents/code/moga_deploy_1101/install/custom_controller_msgs:/home/xiaojiahui/Downloads/legged_moga_deploy_1025/install/yesense_std_ros2:/home/xiaojiahui/Downloads/legged_moga_deploy_1025/install/yesense_interface:/home/xiaojiahui/Downloads/legged_moga_deploy_1025/install/rl_controllers:/home/xiaojiahui/Downloads/legged_moga_deploy_1025/install/legged_system:/home/xiaojiahui/Downloads/legged_moga_deploy_1025/install/legged_moga_description:/home/xiaojiahui/Downloads/legged_moga_deploy_1025/install/hardware_sim_bridge_test:/home/xiaojiahui/Downloads/legged_moga_deploy_1025/install/custom_controller_msgs:/opt/ros/humble /usr/bin/cmake --build /home/xiaojiahui/Documents/code/moga_deploy_1101/build/yesense_std_ros2 -- -j28 -l28
[33.770s] Invoking command in '/home/xiaojiahui/Documents/code/moga_deploy_1101/build/yesense_std_ros2': CMAKE_PREFIX_PATH=/home/xiaojiahui/Documents/code/moga_deploy_1101/install/yesense_interface:/home/xiaojiahui/Documents/code/moga_deploy_1101/install/yesense_std_ros2:/home/xiaojiahui/Documents/code/moga_deploy_1101/install/rl_controllers:/home/xiaojiahui/Documents/code/moga_deploy_1101/install/legged_system:/home/xiaojiahui/Documents/code/moga_deploy_1101/install/legged_moga_description:/home/xiaojiahui/Documents/code/moga_deploy_1101/install/hardware_sim_bridge_test:/home/xiaojiahui/Documents/code/moga_deploy_1101/install/custom_controller_msgs:/home/xiaojiahui/Downloads/legged_moga_deploy_1025/install/yesense_std_ros2:/home/xiaojiahui/Downloads/legged_moga_deploy_1025/install/yesense_interface:/home/xiaojiahui/Downloads/legged_moga_deploy_1025/install/rl_controllers:/home/xiaojiahui/Downloads/legged_moga_deploy_1025/install/legged_system:/home/xiaojiahui/Downloads/legged_moga_deploy_1025/install/legged_moga_description:/home/xiaojiahui/Downloads/legged_moga_deploy_1025/install/hardware_sim_bridge_test:/home/xiaojiahui/Downloads/legged_moga_deploy_1025/install/custom_controller_msgs:/opt/ros/humble /usr/bin/cmake --install /home/xiaojiahui/Documents/code/moga_deploy_1101/build/yesense_std_ros2
[33.780s] -- Install configuration: "Release"
[33.781s] -- Execute custom install script
[33.782s] -- Symlinking: /home/xiaojiahui/Documents/code/moga_deploy_1101/install/yesense_std_ros2/lib/yesense_std_ros2/serial/include/serial/impl/unix.h
[33.795s] -- Symlinking: /home/xiaojiahui/Documents/code/moga_deploy_1101/install/yesense_std_ros2/lib/yesense_std_ros2/serial/include/serial/impl/win.h
[33.806s] -- Symlinking: /home/xiaojiahui/Documents/code/moga_deploy_1101/install/yesense_std_ros2/lib/yesense_std_ros2/serial/include/serial/serial.h
[33.818s] -- Symlinking: /home/xiaojiahui/Documents/code/moga_deploy_1101/install/yesense_std_ros2/lib/yesense_std_ros2/serial/include/serial/v8stdint.h
[33.831s] -- Symlinking: /home/xiaojiahui/Documents/code/moga_deploy_1101/install/yesense_std_ros2/lib/yesense_std_ros2/serial/libserial.so
[33.844s] -- Symlinking: /home/xiaojiahui/Documents/code/moga_deploy_1101/install/yesense_std_ros2/share/yesense_std_ros2/launch/yesense_node.launch.py
[33.858s] -- Symlinking: /home/xiaojiahui/Documents/code/moga_deploy_1101/install/yesense_std_ros2/share/yesense_std_ros2/config/yesense_config.yaml
[33.871s] -- Symlinking: /home/xiaojiahui/Documents/code/moga_deploy_1101/install/yesense_std_ros2/lib/yesense_std_ros2/yesense_node_publisher
[33.883s] -- Symlinking: /home/xiaojiahui/Documents/code/moga_deploy_1101/install/yesense_std_ros2/lib/yesense_std_ros2/yesense_node_subscriber
[33.896s] -- Symlinking: /home/xiaojiahui/Documents/code/moga_deploy_1101/install/yesense_std_ros2/share/ament_index/resource_index/package_run_dependencies/yesense_std_ros2
[33.910s] -- Symlinking: /home/xiaojiahui/Documents/code/moga_deploy_1101/install/yesense_std_ros2/share/ament_index/resource_index/parent_prefix_path/yesense_std_ros2
[33.924s] -- Symlinking: /home/xiaojiahui/Documents/code/moga_deploy_1101/install/yesense_std_ros2/share/yesense_std_ros2/environment/ament_prefix_path.sh
[33.937s] -- Symlinking: /home/xiaojiahui/Documents/code/moga_deploy_1101/install/yesense_std_ros2/share/yesense_std_ros2/environment/ament_prefix_path.dsv
[33.951s] -- Symlinking: /home/xiaojiahui/Documents/code/moga_deploy_1101/install/yesense_std_ros2/share/yesense_std_ros2/environment/path.sh
[33.964s] -- Symlinking: /home/xiaojiahui/Documents/code/moga_deploy_1101/install/yesense_std_ros2/share/yesense_std_ros2/environment/path.dsv
[33.977s] -- Symlinking: /home/xiaojiahui/Documents/code/moga_deploy_1101/install/yesense_std_ros2/share/yesense_std_ros2/local_setup.bash
[33.990s] -- Symlinking: /home/xiaojiahui/Documents/code/moga_deploy_1101/install/yesense_std_ros2/share/yesense_std_ros2/local_setup.sh
[34.003s] -- Symlinking: /home/xiaojiahui/Documents/code/moga_deploy_1101/install/yesense_std_ros2/share/yesense_std_ros2/local_setup.zsh
[34.018s] -- Symlinking: /home/xiaojiahui/Documents/code/moga_deploy_1101/install/yesense_std_ros2/share/yesense_std_ros2/local_setup.dsv
[34.033s] -- Symlinking: /home/xiaojiahui/Documents/code/moga_deploy_1101/install/yesense_std_ros2/share/yesense_std_ros2/package.dsv
[34.047s] -- Symlinking: /home/xiaojiahui/Documents/code/moga_deploy_1101/install/yesense_std_ros2/share/ament_index/resource_index/packages/yesense_std_ros2
[34.060s] -- Symlinking: /home/xiaojiahui/Documents/code/moga_deploy_1101/install/yesense_std_ros2/share/yesense_std_ros2/cmake/yesense_std_ros2Config.cmake
[34.076s] -- Symlinking: /home/xiaojiahui/Documents/code/moga_deploy_1101/install/yesense_std_ros2/share/yesense_std_ros2/cmake/yesense_std_ros2Config-version.cmake
[34.091s] -- Symlinking: /home/xiaojiahui/Documents/code/moga_deploy_1101/install/yesense_std_ros2/share/yesense_std_ros2/package.xml
[34.108s] Invoked command in '/home/xiaojiahui/Documents/code/moga_deploy_1101/build/yesense_std_ros2' returned '0': CMAKE_PREFIX_PATH=/home/xiaojiahui/Documents/code/moga_deploy_1101/install/yesense_interface:/home/xiaojiahui/Documents/code/moga_deploy_1101/install/yesense_std_ros2:/home/xiaojiahui/Documents/code/moga_deploy_1101/install/rl_controllers:/home/xiaojiahui/Documents/code/moga_deploy_1101/install/legged_system:/home/xiaojiahui/Documents/code/moga_deploy_1101/install/legged_moga_description:/home/xiaojiahui/Documents/code/moga_deploy_1101/install/hardware_sim_bridge_test:/home/xiaojiahui/Documents/code/moga_deploy_1101/install/custom_controller_msgs:/home/xiaojiahui/Downloads/legged_moga_deploy_1025/install/yesense_std_ros2:/home/xiaojiahui/Downloads/legged_moga_deploy_1025/install/yesense_interface:/home/xiaojiahui/Downloads/legged_moga_deploy_1025/install/rl_controllers:/home/xiaojiahui/Downloads/legged_moga_deploy_1025/install/legged_system:/home/xiaojiahui/Downloads/legged_moga_deploy_1025/install/legged_moga_description:/home/xiaojiahui/Downloads/legged_moga_deploy_1025/install/hardware_sim_bridge_test:/home/xiaojiahui/Downloads/legged_moga_deploy_1025/install/custom_controller_msgs:/opt/ros/humble /usr/bin/cmake --install /home/xiaojiahui/Documents/code/moga_deploy_1101/build/yesense_std_ros2
