-- The C compiler identification is GNU 11.4.0
-- The CXX compiler identification is GNU 11.4.0
-- Detecting C compiler ABI info
-- Detecting C compiler ABI info - done
-- Check for working C compiler: /usr/bin/cc - skipped
-- Detecting C compile features
-- Detecting C compile features - done
-- Detecting CXX compiler ABI info
-- Detecting CXX compiler ABI info - done
-- Check for working CXX compiler: /usr/bin/c++ - skipped
-- Detecting CXX compile features
-- Detecting CXX compile features - done
-- Found ament_cmake: 1.3.12 (/opt/ros/humble/share/ament_cmake/cmake)
-- Found Python3: /usr/bin/python3 (found version "3.10.12") found components: Interpreter 
-- Override CMake install command with custom implementation using symlinks instead of copying resources
-- Found hardware_interface: 2.52.0 (/opt/ros/humble/share/hardware_interface/cmake)
-- Found rosidl_generator_c: 3.1.7 (/opt/ros/humble/share/rosidl_generator_c/cmake)
-- Found rosidl_adapter: 3.1.7 (/opt/ros/humble/share/rosidl_adapter/cmake)
-- Found rosidl_generator_cpp: 3.1.7 (/opt/ros/humble/share/rosidl_generator_cpp/cmake)
-- Using all available rosidl_typesupport_c: rosidl_typesupport_fastrtps_c;rosidl_typesupport_introspection_c
-- Using all available rosidl_typesupport_cpp: rosidl_typesupport_fastrtps_cpp;rosidl_typesupport_introspection_cpp
-- Found rmw_implementation_cmake: 6.1.2 (/opt/ros/humble/share/rmw_implementation_cmake/cmake)
-- Found rmw_cyclonedds_cpp: 1.3.4 (/opt/ros/humble/share/rmw_cyclonedds_cpp/cmake)
-- Using RMW implementation 'rmw_cyclonedds_cpp' as default
-- Looking for pthread.h
-- Looking for pthread.h - found
-- Performing Test CMAKE_HAVE_LIBC_PTHREAD
-- Performing Test CMAKE_HAVE_LIBC_PTHREAD - Success
-- Found Threads: TRUE  
-- Found realtime_tools: 2.14.0 (/opt/ros/humble/share/realtime_tools/cmake)
-- Found custom_controller_msgs: 1.0.0 (/home/xiaojiahui/Documents/code/moga_deploy_1101/install/custom_controller_msgs/share/custom_controller_msgs/cmake)
-- Found tf2: 0.25.15 (/opt/ros/humble/share/tf2/cmake)
-- Found Boost: /usr/lib/x86_64-linux-gnu/cmake/Boost-1.74.0/BoostConfig.cmake (found version "1.74.0")  
-- Found ament_lint_auto: 0.12.14 (/opt/ros/humble/share/ament_lint_auto/cmake)
-- Added test 'cppcheck' to perform static code analysis on C / C++ code
-- Configured cppcheck include dirs: /home/xiaojiahui/Documents/code/moga_deploy_1101/src/legged_moga/legged_system/include;/home/xiaojiahui/Documents/code/moga_deploy_1101/src/legged_moga/legged_system/include/legged_system;$<BUILD_INTERFACE:/home/xiaojiahui/Documents/code/moga_deploy_1101/src/legged_moga/legged_system/include>
-- Configured cppcheck exclude dirs and/or files: 
-- Added test 'lint_cmake' to check CMake code style
-- Added test 'uncrustify' to check C / C++ code style
-- Configured uncrustify additional arguments: 
-- Added test 'xmllint' to check XML markup files
-- Configuring done
-- Generating done
-- Build files have been written to: /home/xiaojiahui/Documents/code/moga_deploy_1101/build/legged_system
[ 16%] [32mBuilding CXX object CMakeFiles/legged_system.dir/src/LeggedSystemHelperFunctions.cpp.o[0m
[ 33%] [32mBuilding CXX object CMakeFiles/legged_system.dir/src/AnkleSolver.cpp.o[0m
[ 50%] [32mBuilding CXX object CMakeFiles/legged_system.dir/src/LeggedSystem.cpp.o[0m
[ 66%] [32mBuilding CXX object CMakeFiles/legged_system.dir/src/utilities.cpp.o[0m
[ 83%] [32mBuilding CXX object CMakeFiles/legged_system.dir/src/AnkleSolverHelperFunctions.cpp.o[0m
[100%] [32m[1mLinking CXX shared library liblegged_system.so[0m
[100%] Built target legged_system
-- Install configuration: "Release"
-- Execute custom install script
-- Symlinking: /home/xiaojiahui/Documents/code/moga_deploy_1101/install/legged_system/share/legged_system//legged_system.xml
-- Symlinking: /home/xiaojiahui/Documents/code/moga_deploy_1101/install/legged_system/include/legged_system/AnkleSolver.h
-- Symlinking: /home/xiaojiahui/Documents/code/moga_deploy_1101/install/legged_system/include/legged_system/LeggedSystem.h
-- Symlinking: /home/xiaojiahui/Documents/code/moga_deploy_1101/install/legged_system/include/legged_system/Types.h
-- Symlinking: /home/xiaojiahui/Documents/code/moga_deploy_1101/install/legged_system/include/legged_system/utilities.h
-- Symlinking: /home/xiaojiahui/Documents/code/moga_deploy_1101/install/legged_system/share/legged_system/config/joint_name_params.yaml
-- Symlinking: /home/xiaojiahui/Documents/code/moga_deploy_1101/install/legged_system/share/legged_system/config/joint_params.yaml
-- Symlinking: /home/xiaojiahui/Documents/code/moga_deploy_1101/install/legged_system/share/legged_system/package.xml
-- Symlinking: /home/xiaojiahui/Documents/code/moga_deploy_1101/install/legged_system/share/ament_index/resource_index/package_run_dependencies/legged_system
-- Symlinking: /home/xiaojiahui/Documents/code/moga_deploy_1101/install/legged_system/share/ament_index/resource_index/parent_prefix_path/legged_system
-- Symlinking: /home/xiaojiahui/Documents/code/moga_deploy_1101/install/legged_system/share/legged_system/environment/ament_prefix_path.sh
-- Symlinking: /home/xiaojiahui/Documents/code/moga_deploy_1101/install/legged_system/share/legged_system/environment/ament_prefix_path.dsv
-- Symlinking: /home/xiaojiahui/Documents/code/moga_deploy_1101/install/legged_system/share/legged_system/environment/path.sh
-- Symlinking: /home/xiaojiahui/Documents/code/moga_deploy_1101/install/legged_system/share/legged_system/environment/path.dsv
-- Symlinking: /home/xiaojiahui/Documents/code/moga_deploy_1101/install/legged_system/share/legged_system/local_setup.bash
-- Symlinking: /home/xiaojiahui/Documents/code/moga_deploy_1101/install/legged_system/share/legged_system/local_setup.sh
-- Symlinking: /home/xiaojiahui/Documents/code/moga_deploy_1101/install/legged_system/share/legged_system/local_setup.zsh
-- Symlinking: /home/xiaojiahui/Documents/code/moga_deploy_1101/install/legged_system/share/legged_system/local_setup.dsv
-- Symlinking: /home/xiaojiahui/Documents/code/moga_deploy_1101/install/legged_system/share/legged_system/package.dsv
-- Symlinking: /home/xiaojiahui/Documents/code/moga_deploy_1101/install/legged_system/share/ament_index/resource_index/packages/legged_system
-- Symlinking: /home/xiaojiahui/Documents/code/moga_deploy_1101/install/legged_system/share/ament_index/resource_index/hardware_interface__pluginlib__plugin/legged_system
-- Symlinking: /home/xiaojiahui/Documents/code/moga_deploy_1101/install/legged_system/share/legged_system/cmake/legged_systemConfig.cmake
-- Symlinking: /home/xiaojiahui/Documents/code/moga_deploy_1101/install/legged_system/share/legged_system/cmake/legged_systemConfig-version.cmake
-- Up-to-date symlink: /home/xiaojiahui/Documents/code/moga_deploy_1101/install/legged_system/share/legged_system/package.xml
-- Installing: /home/xiaojiahui/Documents/code/moga_deploy_1101/install/legged_system/lib/liblegged_system.so
-- Set runtime path of "/home/xiaojiahui/Documents/code/moga_deploy_1101/install/legged_system/lib/liblegged_system.so" to "/home/xiaojiahui/Documents/code/moga_deploy_1101/install/legged_system/lib:/home/xiaojiahui/Documents/code/moga_deploy_1101/src/legged_moga/legged_system/sdk/lib:/opt/ros/humble/lib:/home/xiaojiahui/Documents/code/moga_deploy_1101/install/custom_controller_msgs/lib"
