[0.024s] Invoking command in '/home/xiaojiahui/Documents/code/moga_deploy_1101/build/legged_moga_description': CMAKE_PREFIX_PATH=${CMAKE_PREFIX_PATH}:/opt/ros/humble /usr/bin/cmake /home/xiaojiahui/Documents/code/moga_deploy_1101/src/legged_moga/legged_moga_description -DCMAKE_BUILD_TYPE=Release -DAMENT_CMAKE_SYMLINK_INSTALL=1 -DCMAKE_INSTALL_PREFIX=/home/xiaojiahui/Documents/code/moga_deploy_1101/install/legged_moga_description
[0.127s] -- The C compiler identification is GNU 11.4.0
[0.230s] -- The CXX compiler identification is GNU 11.4.0
[0.245s] -- Detecting C compiler ABI info
[0.396s] -- Detecting C compiler ABI info - done
[0.413s] -- Check for working C compiler: /usr/bin/cc - skipped
[0.414s] -- Detecting C compile features
[0.414s] -- Detecting C compile features - done
[0.421s] -- Detecting CXX compiler ABI info
[0.612s] -- Detecting CXX compiler ABI info - done
[0.631s] -- Check for working CXX compiler: /usr/bin/c++ - skipped
[0.632s] -- Detecting CXX compile features
[0.633s] -- Detecting CXX compile features - done
[0.638s] -- Found ament_cmake: 1.3.12 (/opt/ros/humble/share/ament_cmake/cmake)
[0.985s] -- Found Python3: /usr/bin/python3 (found version "3.10.12") found components: Interpreter 
[1.100s] -- Override CMake install command with custom implementation using symlinks instead of copying resources
[1.155s] -- Found rclcpp: 16.0.14 (/opt/ros/humble/share/rclcpp/cmake)
[1.237s] -- Found rosidl_generator_c: 3.1.7 (/opt/ros/humble/share/rosidl_generator_c/cmake)
[1.247s] -- Found rosidl_adapter: 3.1.7 (/opt/ros/humble/share/rosidl_adapter/cmake)
[1.263s] -- Found rosidl_generator_cpp: 3.1.7 (/opt/ros/humble/share/rosidl_generator_cpp/cmake)
[1.287s] -- Using all available rosidl_typesupport_c: rosidl_typesupport_fastrtps_c;rosidl_typesupport_introspection_c
[1.319s] -- Using all available rosidl_typesupport_cpp: rosidl_typesupport_fastrtps_cpp;rosidl_typesupport_introspection_cpp
[1.406s] -- Found rmw_implementation_cmake: 6.1.2 (/opt/ros/humble/share/rmw_implementation_cmake/cmake)
[1.412s] -- Found rmw_cyclonedds_cpp: 1.3.4 (/opt/ros/humble/share/rmw_cyclonedds_cpp/cmake)
[1.460s] -- Using RMW implementation 'rmw_cyclonedds_cpp' as default
[1.478s] -- Looking for pthread.h
[1.631s] -- Looking for pthread.h - found
[1.632s] -- Performing Test CMAKE_HAVE_LIBC_PTHREAD
[1.786s] -- Performing Test CMAKE_HAVE_LIBC_PTHREAD - Success
[1.789s] -- Found Threads: TRUE  
[1.896s] -- Found robot_state_publisher: 3.0.3 (/opt/ros/humble/share/robot_state_publisher/cmake)
[1.956s] -- Found eigen3_cmake_module: 0.1.1 (/opt/ros/humble/share/eigen3_cmake_module/cmake)
[1.959s] -- Found Eigen3: TRUE (found version "3.4.0") 
[1.959s] -- Ensuring Eigen3 include directory is part of orocos-kdl CMake target
[2.258s] -- Found gazebo_ros_pkgs: 3.9.0 (/opt/ros/humble/share/gazebo_ros_pkgs/cmake)
[2.260s] -- Found xacro: 2.1.1 (/opt/ros/humble/share/xacro/cmake)
[2.263s] -- Found ament_lint_auto: 0.12.14 (/opt/ros/humble/share/ament_lint_auto/cmake)
[2.422s] -- Added test 'flake8' to check Python code syntax and style conventions
[2.424s] -- Added test 'lint_cmake' to check CMake code style
[2.426s] -- Added test 'pep257' to check Python code against some of the docstring style conventions in PEP 257
[2.431s] -- Added test 'xmllint' to check XML markup files
[2.435s] -- Configuring done
[2.443s] -- Generating done
[2.448s] -- Build files have been written to: /home/xiaojiahui/Documents/code/moga_deploy_1101/build/legged_moga_description
[2.468s] Invoked command in '/home/xiaojiahui/Documents/code/moga_deploy_1101/build/legged_moga_description' returned '0': CMAKE_PREFIX_PATH=${CMAKE_PREFIX_PATH}:/opt/ros/humble /usr/bin/cmake /home/xiaojiahui/Documents/code/moga_deploy_1101/src/legged_moga/legged_moga_description -DCMAKE_BUILD_TYPE=Release -DAMENT_CMAKE_SYMLINK_INSTALL=1 -DCMAKE_INSTALL_PREFIX=/home/xiaojiahui/Documents/code/moga_deploy_1101/install/legged_moga_description
[2.469s] Invoking command in '/home/xiaojiahui/Documents/code/moga_deploy_1101/build/legged_moga_description': CMAKE_PREFIX_PATH=${CMAKE_PREFIX_PATH}:/opt/ros/humble /usr/bin/cmake --build /home/xiaojiahui/Documents/code/moga_deploy_1101/build/legged_moga_description -- -j28 -l28
[2.553s] Invoked command in '/home/xiaojiahui/Documents/code/moga_deploy_1101/build/legged_moga_description' returned '0': CMAKE_PREFIX_PATH=${CMAKE_PREFIX_PATH}:/opt/ros/humble /usr/bin/cmake --build /home/xiaojiahui/Documents/code/moga_deploy_1101/build/legged_moga_description -- -j28 -l28
[2.570s] Invoking command in '/home/xiaojiahui/Documents/code/moga_deploy_1101/build/legged_moga_description': CMAKE_PREFIX_PATH=${CMAKE_PREFIX_PATH}:/opt/ros/humble /usr/bin/cmake --install /home/xiaojiahui/Documents/code/moga_deploy_1101/build/legged_moga_description
[2.586s] -- Install configuration: "Release"
[2.588s] -- Execute custom install script
[2.590s] -- Symlinking: /home/xiaojiahui/Documents/code/moga_deploy_1101/install/legged_moga_description/share/legged_moga_description//launch/display.launch.py
[2.604s] -- Symlinking: /home/xiaojiahui/Documents/code/moga_deploy_1101/install/legged_moga_description/share/legged_moga_description//config/gazebo_params.yaml
[2.623s] -- Symlinking: /home/xiaojiahui/Documents/code/moga_deploy_1101/install/legged_moga_description/share/legged_moga_description//meshes/base_link.STL
[2.642s] -- Symlinking: /home/xiaojiahui/Documents/code/moga_deploy_1101/install/legged_moga_description/share/legged_moga_description//meshes/head_pitch.STL
[2.664s] -- Symlinking: /home/xiaojiahui/Documents/code/moga_deploy_1101/install/legged_moga_description/share/legged_moga_description//meshes/head_yaw.STL
[2.684s] -- Symlinking: /home/xiaojiahui/Documents/code/moga_deploy_1101/install/legged_moga_description/share/legged_moga_description//meshes/left_ankle_pitch.STL
[2.701s] -- Symlinking: /home/xiaojiahui/Documents/code/moga_deploy_1101/install/legged_moga_description/share/legged_moga_description//meshes/left_ankle_roll.STL
[2.723s] -- Symlinking: /home/xiaojiahui/Documents/code/moga_deploy_1101/install/legged_moga_description/share/legged_moga_description//meshes/left_elbow_pitch.STL
[2.740s] -- Symlinking: /home/xiaojiahui/Documents/code/moga_deploy_1101/install/legged_moga_description/share/legged_moga_description//meshes/left_elbow_yaw.STL
[2.758s] -- Symlinking: /home/xiaojiahui/Documents/code/moga_deploy_1101/install/legged_moga_description/share/legged_moga_description//meshes/left_hip_pitch.STL
[2.775s] -- Symlinking: /home/xiaojiahui/Documents/code/moga_deploy_1101/install/legged_moga_description/share/legged_moga_description//meshes/left_hip_roll.STL
[2.790s] -- Symlinking: /home/xiaojiahui/Documents/code/moga_deploy_1101/install/legged_moga_description/share/legged_moga_description//meshes/left_hip_yaw.STL
[2.808s] -- Symlinking: /home/xiaojiahui/Documents/code/moga_deploy_1101/install/legged_moga_description/share/legged_moga_description//meshes/left_knee_pitch.STL
[2.824s] -- Symlinking: /home/xiaojiahui/Documents/code/moga_deploy_1101/install/legged_moga_description/share/legged_moga_description//meshes/left_shoulder_pitch.STL
[2.840s] -- Symlinking: /home/xiaojiahui/Documents/code/moga_deploy_1101/install/legged_moga_description/share/legged_moga_description//meshes/left_shoulder_roll.STL
[2.857s] -- Symlinking: /home/xiaojiahui/Documents/code/moga_deploy_1101/install/legged_moga_description/share/legged_moga_description//meshes/left_shoulder_yaw.STL
[2.873s] -- Symlinking: /home/xiaojiahui/Documents/code/moga_deploy_1101/install/legged_moga_description/share/legged_moga_description//meshes/left_wrist_pitch.STL
[2.892s] -- Symlinking: /home/xiaojiahui/Documents/code/moga_deploy_1101/install/legged_moga_description/share/legged_moga_description//meshes/left_wrist_roll.STL
[2.909s] -- Symlinking: /home/xiaojiahui/Documents/code/moga_deploy_1101/install/legged_moga_description/share/legged_moga_description//meshes/right_ankle_pitch.STL
[2.926s] -- Symlinking: /home/xiaojiahui/Documents/code/moga_deploy_1101/install/legged_moga_description/share/legged_moga_description//meshes/right_ankle_roll.STL
[2.942s] -- Symlinking: /home/xiaojiahui/Documents/code/moga_deploy_1101/install/legged_moga_description/share/legged_moga_description//meshes/right_elbow_pitch.STL
[2.960s] -- Symlinking: /home/xiaojiahui/Documents/code/moga_deploy_1101/install/legged_moga_description/share/legged_moga_description//meshes/right_elbow_yaw.STL
[2.977s] -- Symlinking: /home/xiaojiahui/Documents/code/moga_deploy_1101/install/legged_moga_description/share/legged_moga_description//meshes/right_hip_pitch.STL
[2.995s] -- Symlinking: /home/xiaojiahui/Documents/code/moga_deploy_1101/install/legged_moga_description/share/legged_moga_description//meshes/right_hip_roll.STL
[3.014s] -- Symlinking: /home/xiaojiahui/Documents/code/moga_deploy_1101/install/legged_moga_description/share/legged_moga_description//meshes/right_hip_yaw.STL
[3.032s] -- Symlinking: /home/xiaojiahui/Documents/code/moga_deploy_1101/install/legged_moga_description/share/legged_moga_description//meshes/right_knee_pitch.STL
[3.050s] -- Symlinking: /home/xiaojiahui/Documents/code/moga_deploy_1101/install/legged_moga_description/share/legged_moga_description//meshes/right_shoulder_pitch.STL
[3.069s] -- Symlinking: /home/xiaojiahui/Documents/code/moga_deploy_1101/install/legged_moga_description/share/legged_moga_description//meshes/right_shoulder_roll.STL
[3.086s] -- Symlinking: /home/xiaojiahui/Documents/code/moga_deploy_1101/install/legged_moga_description/share/legged_moga_description//meshes/right_shoulder_yaw.STL
[3.103s] -- Symlinking: /home/xiaojiahui/Documents/code/moga_deploy_1101/install/legged_moga_description/share/legged_moga_description//meshes/right_wrist_pitch.STL
[3.120s] -- Symlinking: /home/xiaojiahui/Documents/code/moga_deploy_1101/install/legged_moga_description/share/legged_moga_description//meshes/right_wrist_roll.STL
[3.141s] -- Symlinking: /home/xiaojiahui/Documents/code/moga_deploy_1101/install/legged_moga_description/share/legged_moga_description//meshes/waist_pitch.STL
[3.160s] -- Symlinking: /home/xiaojiahui/Documents/code/moga_deploy_1101/install/legged_moga_description/share/legged_moga_description//meshes/waist_yaw.STL
[3.181s] -- Symlinking: /home/xiaojiahui/Documents/code/moga_deploy_1101/install/legged_moga_description/share/legged_moga_description//urdf/common/gazebo.xacro
[3.199s] -- Symlinking: /home/xiaojiahui/Documents/code/moga_deploy_1101/install/legged_moga_description/share/legged_moga_description//urdf/common/imu.xacro
[3.224s] -- Symlinking: /home/xiaojiahui/Documents/code/moga_deploy_1101/install/legged_moga_description/share/legged_moga_description//urdf/moga.urdf.backup
[3.243s] -- Symlinking: /home/xiaojiahui/Documents/code/moga_deploy_1101/install/legged_moga_description/share/legged_moga_description//urdf/moga.xacro
[3.260s] -- Symlinking: /home/xiaojiahui/Documents/code/moga_deploy_1101/install/legged_moga_description/share/legged_moga_description//urdf/moga_8_12_1.urdf
[3.276s] -- Symlinking: /home/xiaojiahui/Documents/code/moga_deploy_1101/install/legged_moga_description/share/legged_moga_description//urdf/moga_sim.xacro
[3.292s] -- Symlinking: /home/xiaojiahui/Documents/code/moga_deploy_1101/install/legged_moga_description/share/legged_moga_description//rviz/moga.rviz
[3.313s] -- Symlinking: /home/xiaojiahui/Documents/code/moga_deploy_1101/install/legged_moga_description/share/ament_index/resource_index/package_run_dependencies/legged_moga_description
[3.334s] -- Symlinking: /home/xiaojiahui/Documents/code/moga_deploy_1101/install/legged_moga_description/share/ament_index/resource_index/parent_prefix_path/legged_moga_description
[3.350s] -- Symlinking: /home/xiaojiahui/Documents/code/moga_deploy_1101/install/legged_moga_description/share/legged_moga_description/environment/ament_prefix_path.sh
[3.369s] -- Symlinking: /home/xiaojiahui/Documents/code/moga_deploy_1101/install/legged_moga_description/share/legged_moga_description/environment/ament_prefix_path.dsv
[3.389s] -- Symlinking: /home/xiaojiahui/Documents/code/moga_deploy_1101/install/legged_moga_description/share/legged_moga_description/environment/path.sh
[3.405s] -- Symlinking: /home/xiaojiahui/Documents/code/moga_deploy_1101/install/legged_moga_description/share/legged_moga_description/environment/path.dsv
[3.424s] -- Symlinking: /home/xiaojiahui/Documents/code/moga_deploy_1101/install/legged_moga_description/share/legged_moga_description/local_setup.bash
[3.443s] -- Symlinking: /home/xiaojiahui/Documents/code/moga_deploy_1101/install/legged_moga_description/share/legged_moga_description/local_setup.sh
[3.464s] -- Symlinking: /home/xiaojiahui/Documents/code/moga_deploy_1101/install/legged_moga_description/share/legged_moga_description/local_setup.zsh
[3.487s] -- Symlinking: /home/xiaojiahui/Documents/code/moga_deploy_1101/install/legged_moga_description/share/legged_moga_description/local_setup.dsv
[3.505s] -- Symlinking: /home/xiaojiahui/Documents/code/moga_deploy_1101/install/legged_moga_description/share/legged_moga_description/package.dsv
[3.523s] -- Symlinking: /home/xiaojiahui/Documents/code/moga_deploy_1101/install/legged_moga_description/share/ament_index/resource_index/packages/legged_moga_description
[3.546s] -- Symlinking: /home/xiaojiahui/Documents/code/moga_deploy_1101/install/legged_moga_description/share/legged_moga_description/cmake/legged_moga_descriptionConfig.cmake
[3.568s] -- Symlinking: /home/xiaojiahui/Documents/code/moga_deploy_1101/install/legged_moga_description/share/legged_moga_description/cmake/legged_moga_descriptionConfig-version.cmake
[3.588s] -- Symlinking: /home/xiaojiahui/Documents/code/moga_deploy_1101/install/legged_moga_description/share/legged_moga_description/package.xml
[3.612s] Invoked command in '/home/xiaojiahui/Documents/code/moga_deploy_1101/build/legged_moga_description' returned '0': CMAKE_PREFIX_PATH=${CMAKE_PREFIX_PATH}:/opt/ros/humble /usr/bin/cmake --install /home/xiaojiahui/Documents/code/moga_deploy_1101/build/legged_moga_description
